#
# A fatal error has been detected by the Java Runtime Environment:
#
#  EXCEPTION_ACCESS_VIOLATION (0xc0000005) at pc=0x0000000058b9c210, pid=4576, tid=668
#
# JRE version: 7.0_17-b02
# Java VM: Java HotSpot(TM) 64-Bit Server VM (23.7-b01 mixed mode windows-amd64 compressed oops)
# Problematic frame:
# C  [MSVCR100.dll+0x3c210]  memcpy+0x2c0
#
# Failed to write core dump. Minidumps are not enabled by default on client versions of Windows
#
# If you would like to submit a bug report, please visit:
#   http://bugreport.sun.com/bugreport/crash.jsp
#

---------------  T H R E A D  ---------------

Current thread (0x000000000e542000):  JavaThread "System clipboard synchronizer" daemon [_thread_in_vm, id=668, stack(0x0000000012630000,0x0000000012830000)]

siginfo: ExceptionCode=0xc0000005, reading address 0x00000000003ffff8

Registers:
RAX=0x0000000000000021, RBX=0x000000000e542000, RCX=0x00000000f0dee018, RDX=0xffffffff0f611fe8
RSP=0x000000001282f178, RBP=0x000000000ebe28c0, RSI=0x0000000000000000, RDI=0x00000000005407c0
R8 =0x00000000004007c0, R9 =0x0000ffff00000004, R10=0x0000000300905a4d, R11=0x00000000f09ee018
R12=0x0000000000000008, R13=0x0000000000000000, R14=0x00000000005407c0, R15=0x000000000e542000
RIP=0x0000000058b9c210, EFLAGS=0x0000000000010206

Top of Stack: (sp=0x000000001282f178)
0x000000001282f178:   0000000058d41db8 000000001282f2b8
0x000000001282f188:   0000000058d37b06 000000000e542000
0x000000001282f198:   000007f81ac8c218 0000000000000008
0x000000001282f1a8:   0000000010fdb040 000000000e542000
0x000000001282f1b8:   0000000000000000 00000000005407c0
0x000000001282f1c8:   0000000000000004 000000000ebe28c0
0x000000001282f1d8:   0000000058960b8f 000000000e5421d8
0x000000001282f1e8:   000000001282f2b8 0000000010fdb040
0x000000001282f1f8:   00000000023a64f0 0000000000000000
0x000000001282f208:   00000000023a64f0 00000000fadbf790
0x000000001282f218:   fffffffffffffffe 000000001282f2e8
0x000000001282f228:   00000000b976a4e8 0000000000000000
0x000000001282f238:   00000000023b23a8 00000000b976a4f0
0x000000001282f248:   0000000000000005 0000000000000004
0x000000001282f258:   0000000010fdb040 00000000b80a87c0
0x000000001282f268:   0000000000000000 000000001282f290 

Instructions: (pc=0x0000000058b9c210)
0x0000000058b9c1f0:   48 81 e9 80 00 00 00 0f 18 04 0a 0f 18 44 0a 40
0x0000000058b9c200:   ff c8 75 ec 48 81 c1 00 10 00 00 b8 40 00 00 00
0x0000000058b9c210:   4c 8b 4c 0a f8 4c 8b 54 0a f0 4c 0f c3 49 f8 4c
0x0000000058b9c220:   0f c3 51 f0 4c 8b 4c 0a e8 4c 8b 54 0a e0 4c 0f 


Register to memory mapping:

RAX=0x0000000000000021 is an unknown value
RBX=0x000000000e542000 is a thread
RCX=0x00000000f0dee018 is an unknown value
RDX=0xffffffff0f611fe8 is an unknown value
RSP=0x000000001282f178 is pointing into the stack for thread: 0x000000000e542000
RBP=0x000000000ebe28c0 is an unknown value
RSI=0x0000000000000000 is an unknown value
RDI=0x00000000005407c0 is an unknown value
R8 =0x00000000004007c0 is an unknown value
R9 =0x0000ffff00000004 is an unknown value
R10=0x0000000300905a4d is an unknown value
R11=0x00000000f09ee018 is an unknown value
R12=0x0000000000000008 is an unknown value
R13=0x0000000000000000 is an unknown value
R14=0x00000000005407c0 is an unknown value
R15=0x000000000e542000 is a thread


Stack: [0x0000000012630000,0x0000000012830000],  sp=0x000000001282f178,  free space=2044k
Native frames: (J=compiled Java code, j=interpreted, Vv=VM code, C=native code)
C  [MSVCR100.dll+0x3c210]  memcpy+0x2c0

Java frames: (J=compiled Java code, j=interpreted, Vv=VM code)
j  sun.awt.windows.WClipboard.getClipboardData(J)[B+0
j  sun.awt.datatransfer.ClipboardTransferable.fetchOneFlavor(Lsun/awt/datatransfer/SunClipboard;Ljava/awt/datatransfer/DataFlavor;Ljava/lang/Long;Ljava/util/HashMap;)Z+32
j  sun.awt.datatransfer.ClipboardTransferable.<init>(Lsun/awt/datatransfer/SunClipboard;)V+122
j  sun.awt.datatransfer.SunClipboard.getContents(Ljava/lang/Object;)Ljava/awt/datatransfer/Transferable;+17
j  org.netbeans.NbClipboard$GetContents.run()V+16
j  org.openide.util.RequestProcessor$Task.run()V+51
j  org.openide.util.RequestProcessor$Processor.run()V+247
v  ~StubRoutines::call_stub

---------------  P R O C E S S  ---------------

Java Threads: ( => current thread )
=>0x000000000e542000 JavaThread "System clipboard synchronizer" daemon [_thread_in_vm, id=668, stack(0x0000000012630000,0x0000000012830000)]
  0x000000000e53e000 JavaThread "Inactive RequestProcessor thread [Was:org.netbeans.modules.project.ui.actions.ActiveConfigAction/org.netbeans.modules.project.ui.actions.ActiveConfigAction$14]" daemon [_thread_blocked, id=2988, stack(0x0000000011520000,0x0000000011720000)]
  0x000000000e541000 JavaThread "Inactive RequestProcessor thread [Was:AnnotationHolder/org.netbeans.modules.editor.hints.AnnotationHolder$4$2]" daemon [_thread_blocked, id=4780, stack(0x000000000d550000,0x000000000d750000)]
  0x000000000e53f800 JavaThread "Inactive RequestProcessor thread [Was:OpenIDE-request-processor-1/org.netbeans.core.startup.preferences.NbPreferences$1]" daemon [_thread_blocked, id=4892, stack(0x000000000baa0000,0x000000000bca0000)]
  0x000000000e540800 JavaThread "Editor Parsing Loop (201302132200)" daemon [_thread_blocked, id=5228, stack(0x0000000014200000,0x0000000014400000)]
  0x000000000e5ab800 JavaThread "W32 File Monitor" daemon [_thread_in_native, id=5232, stack(0x000000000bda0000,0x000000000bfa0000)]
  0x000000000e5a9800 JavaThread "TimerQueue" daemon [_thread_blocked, id=920, stack(0x0000000012430000,0x0000000012630000)]
  0x000000000e5aa000 JavaThread "Worker-JM" [_thread_blocked, id=5700, stack(0x00000000119d0000,0x0000000011bd0000)]
  0x000000000e5a7000 JavaThread "Thread-3" daemon [_thread_blocked, id=5468, stack(0x0000000012230000,0x0000000012430000)]
  0x000000000e5a8800 JavaThread "File Watcher" daemon [_thread_blocked, id=3448, stack(0x00000000117d0000,0x00000000119d0000)]
  0x000000000efae800 JavaThread "Bundle File Closer" daemon [_thread_blocked, id=6808, stack(0x000000000fd50000,0x000000000ff50000)]
  0x000000000efac000 JavaThread "Framework Event Dispatcher" daemon [_thread_blocked, id=5712, stack(0x000000000fb50000,0x000000000fd50000)]
  0x000000000efab800 JavaThread "Framework Active Thread" [_thread_blocked, id=6496, stack(0x000000000d350000,0x000000000d550000)]
  0x000000000c00c000 JavaThread "AWT-EventQueue-0" [_thread_blocked, id=5032, stack(0x000000000d150000,0x000000000d350000)]
  0x000000000b47f000 JavaThread "AWT-Windows" daemon [_thread_in_native, id=1728, stack(0x000000000cf50000,0x000000000d150000)]
  0x000000000b3e0000 JavaThread "AWT-Shutdown" [_thread_blocked, id=2928, stack(0x000000000cd50000,0x000000000cf50000)]
  0x000000000b45a800 JavaThread "Java2D Disposer" daemon [_thread_blocked, id=4216, stack(0x000000000cb50000,0x000000000cd50000)]
  0x000000000b40b800 JavaThread "RequestProcessor queue manager" daemon [_thread_blocked, id=2592, stack(0x000000000c7a0000,0x000000000c9a0000)]
  0x000000000b2ee800 JavaThread "CLI Requests Server" daemon [_thread_in_native, id=4296, stack(0x000000000b8a0000,0x000000000baa0000)]
  0x000000000b263000 JavaThread "Active Reference Queue Daemon" daemon [_thread_blocked, id=4408, stack(0x000000000b4a0000,0x000000000b6a0000)]
  0x0000000008dff800 JavaThread "Service Thread" daemon [_thread_blocked, id=6608, stack(0x000000000aca0000,0x000000000aea0000)]
  0x0000000008df7800 JavaThread "C2 CompilerThread1" daemon [_thread_blocked, id=4400, stack(0x000000000aaa0000,0x000000000aca0000)]
  0x0000000008df1000 JavaThread "C2 CompilerThread0" daemon [_thread_blocked, id=5612, stack(0x000000000a8a0000,0x000000000aaa0000)]
  0x0000000008def800 JavaThread "Attach Listener" daemon [_thread_blocked, id=2848, stack(0x000000000a6a0000,0x000000000a8a0000)]
  0x0000000008dec800 JavaThread "Signal Dispatcher" daemon [_thread_blocked, id=772, stack(0x000000000a4a0000,0x000000000a6a0000)]
  0x0000000008d86000 JavaThread "Finalizer" daemon [_thread_blocked, id=4976, stack(0x000000000a2a0000,0x000000000a4a0000)]
  0x0000000008d7d000 JavaThread "Reference Handler" daemon [_thread_blocked, id=3992, stack(0x000000000a0a0000,0x000000000a2a0000)]
  0x0000000002252800 JavaThread "main" [_thread_blocked, id=3696, stack(0x0000000000040000,0x0000000000240000)]

Other Threads:
  0x0000000008d75800 VMThread [stack: 0x0000000009ea0000,0x000000000a0a0000] [id=40]
  0x0000000008e12000 WatcherThread [stack: 0x000000000aea0000,0x000000000b0a0000] [id=3368]

VM state:not at safepoint (normal execution)

VM Mutex/Monitor currently owned by a thread: None

Heap
 PSYoungGen      total 173120K, used 30552K [0x00000000f0000000, 0x00000000fda10000, 0x0000000100000000)
  eden space 126272K, 12% used [0x00000000f0000000,0x00000000f0f2e7d8,0x00000000f7b50000)
  from space 46848K, 32% used [0x00000000fac50000,0x00000000fbaf79c8,0x00000000fda10000)
  to   space 48512K, 0% used [0x00000000f7b50000,0x00000000f7b50000,0x00000000faab0000)
 ParOldGen       total 119744K, used 87187K [0x00000000d0000000, 0x00000000d74f0000, 0x00000000f0000000)
  object space 119744K, 72% used [0x00000000d0000000,0x00000000d5524d88,0x00000000d74f0000)
 PSPermGen       total 120064K, used 86854K [0x00000000b8000000, 0x00000000bf540000, 0x00000000d0000000)
  object space 120064K, 72% used [0x00000000b8000000,0x00000000bd4d1ba8,0x00000000bf540000)

Card table byte_map: [0x00000000053a0000,0x00000000055f0000] byte_map_base: 0x0000000004de0000

Polling page: 0x00000000003e0000

Code Cache  [0x00000000023a0000, 0x0000000002d80000, 0x00000000053a0000)
 total_blobs=3505 nmethods=2802 adapters=651 free_code_cache=39227Kb largest_free_block=40030272

Compilation events (10 events):
Event: 951.682 Thread 0x0000000008df7800 3240             java.io.ObjectOutputStream$BlockDataOutputStream::writeInts (104 bytes)
Event: 951.698 Thread 0x0000000008df7800 nmethod 3240 0x0000000002d5e190 code [0x0000000002d5e2e0, 0x0000000002d5e668]
Event: 951.740 Thread 0x0000000008df1000 3241             sun.awt.image.PNGImageDecoder::update_crc (41 bytes)
Event: 951.749 Thread 0x0000000008df1000 nmethod 3241 0x0000000002d5ddd0 code [0x0000000002d5df20, 0x0000000002d5e118]
Event: 951.877 Thread 0x0000000008df7800 3242             org.netbeans.modules.masterfs.filebasedfs.fileobjects.FileObjectFactory::getReference (103 bytes)
Event: 951.943 Thread 0x0000000008df7800 nmethod 3242 0x0000000002d71190 code [0x0000000002d713e0, 0x0000000002d720c8]
Event: 953.213 Thread 0x0000000008df1000 3243             java.util.Hashtable$KeySet::<init> (6 bytes)
Event: 953.213 Thread 0x0000000008df7800 3244             java.util.Hashtable$KeySet::<init> (10 bytes)
Event: 953.214 Thread 0x0000000008df1000 nmethod 3243 0x0000000002cfde10 code [0x0000000002cfdf40, 0x0000000002cfdf98]
Event: 953.214 Thread 0x0000000008df7800 nmethod 3244 0x0000000002811e50 code [0x0000000002811f80, 0x0000000002811fd8]

GC Heap History (10 events):
Event: 763.437 GC heap before
{Heap before GC invocations=82 (full 4):
 PSYoungGen      total 135552K, used 135532K [0x00000000f0000000, 0x00000000fe660000, 0x0000000100000000)
  eden space 112128K, 100% used [0x00000000f0000000,0x00000000f6d80000,0x00000000f6d80000)
  from space 23424K, 99% used [0x00000000f6d80000,0x00000000f845b140,0x00000000f8460000)
  to   space 59968K, 0% used [0x00000000fabd0000,0x00000000fabd0000,0x00000000fe660000)
 ParOldGen       total 119744K, used 84053K [0x00000000d0000000, 0x00000000d74f0000, 0x00000000f0000000)
  object space 119744K, 70% used [0x00000000d0000000,0x00000000d5215760,0x00000000d74f0000)
 PSPermGen       total 120064K, used 86832K [0x00000000b8000000, 0x00000000bf540000, 0x00000000d0000000)
  object space 120064K, 72% used [0x00000000b8000000,0x00000000bd4cc2b0,0x00000000bf540000)
Event: 763.496 GC heap after
Heap after GC invocations=82 (full 4):
 PSYoungGen      total 174272K, used 17434K [0x00000000f0000000, 0x00000000fe300000, 0x0000000100000000)
  eden space 117760K, 0% used [0x00000000f0000000,0x00000000f0000000,0x00000000f7300000)
  from space 56512K, 30% used [0x00000000fabd0000,0x00000000fbcd6968,0x00000000fe300000)
  to   space 57344K, 0% used [0x00000000f7300000,0x00000000f7300000,0x00000000fab00000)
 ParOldGen       total 119744K, used 84693K [0x00000000d0000000, 0x00000000d74f0000, 0x00000000f0000000)
  object space 119744K, 70% used [0x00000000d0000000,0x00000000d52b5670,0x00000000d74f0000)
 PSPermGen       total 120064K, used 86832K [0x00000000b8000000, 0x00000000bf540000, 0x00000000d0000000)
  object space 120064K, 72% used [0x00000000b8000000,0x00000000bd4cc2b0,0x00000000bf540000)
}
Event: 898.594 GC heap before
{Heap before GC invocations=83 (full 4):
 PSYoungGen      total 174272K, used 135194K [0x00000000f0000000, 0x00000000fe300000, 0x0000000100000000)
  eden space 117760K, 100% used [0x00000000f0000000,0x00000000f7300000,0x00000000f7300000)
  from space 56512K, 30% used [0x00000000fabd0000,0x00000000fbcd6968,0x00000000fe300000)
  to   space 57344K, 0% used [0x00000000f7300000,0x00000000f7300000,0x00000000fab00000)
 ParOldGen       total 119744K, used 84693K [0x00000000d0000000, 0x00000000d74f0000, 0x00000000f0000000)
  object space 119744K, 70% used [0x00000000d0000000,0x00000000d52b5670,0x00000000d74f0000)
 PSPermGen       total 120064K, used 86833K [0x00000000b8000000, 0x00000000bf540000, 0x00000000d0000000)
  object space 120064K, 72% used [0x00000000b8000000,0x00000000bd4cc780,0x00000000bf540000)
Event: 898.663 GC heap after
Heap after GC invocations=83 (full 4):
 PSYoungGen      total 175104K, used 17299K [0x00000000f0000000, 0x00000000fe2d0000, 0x0000000100000000)
  eden space 117760K, 0% used [0x00000000f0000000,0x00000000f0000000,0x00000000f7300000)
  from space 57344K, 30% used [0x00000000f7300000,0x00000000f83e4fa8,0x00000000fab00000)
  to   space 54848K, 0% used [0x00000000fad40000,0x00000000fad40000,0x00000000fe2d0000)
 ParOldGen       total 119744K, used 84733K [0x00000000d0000000, 0x00000000d74f0000, 0x00000000f0000000)
  object space 119744K, 70% used [0x00000000d0000000,0x00000000d52bf670,0x00000000d74f0000)
 PSPermGen       total 120064K, used 86833K [0x00000000b8000000, 0x00000000bf540000, 0x00000000d0000000)
  object space 120064K, 72% used [0x00000000b8000000,0x00000000bd4cc780,0x00000000bf540000)
}
Event: 933.661 GC heap before
{Heap before GC invocations=84 (full 4):
 PSYoungGen      total 175104K, used 135059K [0x00000000f0000000, 0x00000000fe2d0000, 0x0000000100000000)
  eden space 117760K, 100% used [0x00000000f0000000,0x00000000f7300000,0x00000000f7300000)
  from space 57344K, 30% used [0x00000000f7300000,0x00000000f83e4fa8,0x00000000fab00000)
  to   space 54848K, 0% used [0x00000000fad40000,0x00000000fad40000,0x00000000fe2d0000)
 ParOldGen       total 119744K, used 84733K [0x00000000d0000000, 0x00000000d74f0000, 0x00000000f0000000)
  object space 119744K, 70% used [0x00000000d0000000,0x00000000d52bf670,0x00000000d74f0000)
 PSPermGen       total 120064K, used 86843K [0x00000000b8000000, 0x00000000bf540000, 0x00000000d0000000)
  object space 120064K, 72% used [0x00000000b8000000,0x00000000bd4ceef8,0x00000000bf540000)
Event: 933.722 GC heap after
Heap after GC invocations=84 (full 4):
 PSYoungGen      total 171008K, used 17831K [0x00000000f0000000, 0x00000000fdd50000, 0x0000000100000000)
  eden space 121792K, 0% used [0x00000000f0000000,0x00000000f0000000,0x00000000f76f0000)
  from space 49216K, 36% used [0x00000000fad40000,0x00000000fbea9f70,0x00000000fdd50000)
  to   space 52416K, 0% used [0x00000000f76f0000,0x00000000f76f0000,0x00000000faa20000)
 ParOldGen       total 119744K, used 84851K [0x00000000d0000000, 0x00000000d74f0000, 0x00000000f0000000)
  object space 119744K, 70% used [0x00000000d0000000,0x00000000d52dcc58,0x00000000d74f0000)
 PSPermGen       total 120064K, used 86843K [0x00000000b8000000, 0x00000000bf540000, 0x00000000d0000000)
  object space 120064K, 72% used [0x00000000b8000000,0x00000000bd4ceef8,0x00000000bf540000)
}
Event: 942.817 GC heap before
{Heap before GC invocations=85 (full 4):
 PSYoungGen      total 171008K, used 139623K [0x00000000f0000000, 0x00000000fdd50000, 0x0000000100000000)
  eden space 121792K, 100% used [0x00000000f0000000,0x00000000f76f0000,0x00000000f76f0000)
  from space 49216K, 36% used [0x00000000fad40000,0x00000000fbea9f70,0x00000000fdd50000)
  to   space 52416K, 0% used [0x00000000f76f0000,0x00000000f76f0000,0x00000000faa20000)
 ParOldGen       total 119744K, used 84851K [0x00000000d0000000, 0x00000000d74f0000, 0x00000000f0000000)
  object space 119744K, 70% used [0x00000000d0000000,0x00000000d52dcc58,0x00000000d74f0000)
 PSPermGen       total 120064K, used 86849K [0x00000000b8000000, 0x00000000bf540000, 0x00000000d0000000)
  object space 120064K, 72% used [0x00000000b8000000,0x00000000bd4d0650,0x00000000bf540000)
Event: 942.869 GC heap after
Heap after GC invocations=85 (full 4):
 PSYoungGen      total 174208K, used 15708K [0x00000000f0000000, 0x00000000fdd80000, 0x0000000100000000)
  eden space 121792K, 0% used [0x00000000f0000000,0x00000000f0000000,0x00000000f76f0000)
  from space 52416K, 29% used [0x00000000f76f0000,0x00000000f8647210,0x00000000faa20000)
  to   space 50368K, 0% used [0x00000000fac50000,0x00000000fac50000,0x00000000fdd80000)
 ParOldGen       total 119744K, used 86451K [0x00000000d0000000, 0x00000000d74f0000, 0x00000000f0000000)
  object space 119744K, 72% used [0x00000000d0000000,0x00000000d546cc58,0x00000000d74f0000)
 PSPermGen       total 120064K, used 86849K [0x00000000b8000000, 0x00000000bf540000, 0x00000000d0000000)
  object space 120064K, 72% used [0x00000000b8000000,0x00000000bd4d0650,0x00000000bf540000)
}
Event: 954.349 GC heap before
{Heap before GC invocations=86 (full 4):
 PSYoungGen      total 174208K, used 137500K [0x00000000f0000000, 0x00000000fdd80000, 0x0000000100000000)
  eden space 121792K, 100% used [0x00000000f0000000,0x00000000f76f0000,0x00000000f76f0000)
  from space 52416K, 29% used [0x00000000f76f0000,0x00000000f8647210,0x00000000faa20000)
  to   space 50368K, 0% used [0x00000000fac50000,0x00000000fac50000,0x00000000fdd80000)
 ParOldGen       total 119744K, used 86451K [0x00000000d0000000, 0x00000000d74f0000, 0x00000000f0000000)
  object space 119744K, 72% used [0x00000000d0000000,0x00000000d546cc58,0x00000000d74f0000)
 PSPermGen       total 120064K, used 86854K [0x00000000b8000000, 0x00000000bf540000, 0x00000000d0000000)
  object space 120064K, 72% used [0x00000000b8000000,0x00000000bd4d1ba8,0x00000000bf540000)
Event: 954.426 GC heap after
Heap after GC invocations=86 (full 4):
 PSYoungGen      total 173120K, used 15006K [0x00000000f0000000, 0x00000000fda10000, 0x0000000100000000)
  eden space 126272K, 0% used [0x00000000f0000000,0x00000000f0000000,0x00000000f7b50000)
  from space 46848K, 32% used [0x00000000fac50000,0x00000000fbaf79c8,0x00000000fda10000)
  to   space 48512K, 0% used [0x00000000f7b50000,0x00000000f7b50000,0x00000000faab0000)
 ParOldGen       total 119744K, used 87187K [0x00000000d0000000, 0x00000000d74f0000, 0x00000000f0000000)
  object space 119744K, 72% used [0x00000000d0000000,0x00000000d5524d88,0x00000000d74f0000)
 PSPermGen       total 120064K, used 86854K [0x00000000b8000000, 0x00000000bf540000, 0x00000000d0000000)
  object space 120064K, 72% used [0x00000000b8000000,0x00000000bd4d1ba8,0x00000000bf540000)
}

Deoptimization events (10 events):
Event: 945.111 Thread 0x000000000c00c000 Uncommon trap -58 fr.pc 0x0000000002bc8678
Event: 945.111 Thread 0x000000000c00c000 Uncommon trap -58 fr.pc 0x0000000002bc83e4
Event: 945.111 Thread 0x000000000c00c000 Uncommon trap -58 fr.pc 0x0000000002bc8678
Event: 945.113 Thread 0x000000000c00c000 Uncommon trap -58 fr.pc 0x0000000002c45f1c
Event: 945.113 Thread 0x000000000c00c000 Uncommon trap -58 fr.pc 0x0000000002c45f1c
Event: 945.113 Thread 0x000000000c00c000 Uncommon trap -58 fr.pc 0x0000000002c45f1c
Event: 945.113 Thread 0x000000000c00c000 Uncommon trap -58 fr.pc 0x0000000002c45f1c
Event: 951.829 Thread 0x000000000c00c000 Uncommon trap -58 fr.pc 0x0000000002d663d8
Event: 951.833 Thread 0x000000000c00c000 Uncommon trap -58 fr.pc 0x0000000002d663d8
Event: 951.907 Thread 0x000000000c00c000 Uncommon trap -83 fr.pc 0x0000000002b0bc4c

Internal exceptions (10 events):
Event: 687.943 Thread 0x000000000e544000 Threw 0x00000000f1643430 at C:\jdk7u2_64p\jdk7u17\hotspot\src\share\vm\prims\jvm.cpp:1166
Event: 688.719 Thread 0x000000000e544000 Threw 0x00000000f1ecb888 at C:\jdk7u2_64p\jdk7u17\hotspot\src\share\vm\prims\jni.cpp:716
Event: 689.168 Thread 0x000000000e544000 Threw 0x00000000f26acc18 at C:\jdk7u2_64p\jdk7u17\hotspot\src\share\vm\prims\jvm.cpp:1166
Event: 689.168 Thread 0x000000000e544000 Threw 0x00000000f26af430 at C:\jdk7u2_64p\jdk7u17\hotspot\src\share\vm\prims\jvm.cpp:1166
Event: 689.521 Thread 0x000000000e53e000 Threw 0x00000000f22863d8 at C:\jdk7u2_64p\jdk7u17\hotspot\src\share\vm\prims\jni.cpp:716
Event: 746.512 Thread 0x000000000c00c000 Threw 0x00000000f66cd290 at C:\jdk7u2_64p\jdk7u17\hotspot\src\share\vm\prims\jvm.cpp:1166
Event: 746.512 Thread 0x000000000c00c000 Threw 0x00000000f66d0470 at C:\jdk7u2_64p\jdk7u17\hotspot\src\share\vm\prims\jvm.cpp:1166
Event: 746.518 Thread 0x000000000c00c000 Implicit null exception at 0x000000000247d53c to 0x000000000247d5a9
Event: 913.193 Thread 0x000000000c00c000 Implicit null exception at 0x0000000002d46e9d to 0x0000000002d4aa65
Event: 951.802 Thread 0x000000000e53f800 Threw 0x00000000f1a1fe20 at C:\jdk7u2_64p\jdk7u17\hotspot\src\share\vm\prims\jni.cpp:716

Events (10 events):
Event: 954.436 Executing VM operation: RevokeBias done
Event: 954.437 Executing VM operation: RevokeBias
Event: 954.437 Executing VM operation: RevokeBias done
Event: 956.247 Executing VM operation: BulkRevokeBias
Event: 956.248 Executing VM operation: BulkRevokeBias done
Event: 956.249 Executing VM operation: BulkRevokeBias
Event: 956.250 Executing VM operation: BulkRevokeBias done
Event: 956.744 Executing VM operation: RevokeBias
Event: 956.745 Executing VM operation: RevokeBias done
Event: 956.745 Thread 0x000000000e542800 Thread exited: 0x000000000e542800


Dynamic libraries:
0x0000000000400000 - 0x0000000000580000 	C:\Program Files\NetBeans 7.3\bin\netbeans64.exe
0x000007f81be70000 - 0x000007f81c02e000 	C:\WINDOWS\SYSTEM32\ntdll.dll
0x000007f81ac00000 - 0x000007f81ad36000 	C:\WINDOWS\system32\KERNEL32.DLL
0x000007f818f20000 - 0x000007f819013000 	C:\WINDOWS\system32\KERNELBASE.dll
0x000007f81bd90000 - 0x000007f81be6e000 	C:\WINDOWS\system32\ADVAPI32.dll
0x000007f81ab20000 - 0x000007f81abc5000 	C:\WINDOWS\system32\msvcrt.dll
0x000007f819830000 - 0x000007f81ab18000 	C:\WINDOWS\system32\SHELL32.dll
0x000007f81b190000 - 0x000007f81b2dc000 	C:\WINDOWS\system32\USER32.dll
0x000007f81ad40000 - 0x000007f81ad88000 	C:\WINDOWS\SYSTEM32\sechost.dll
0x000007f81ad90000 - 0x000007f81aed0000 	C:\WINDOWS\system32\RPCRT4.dll
0x000007f81b550000 - 0x000007f81b700000 	C:\WINDOWS\SYSTEM32\combase.dll
0x000007f8195b0000 - 0x000007f819600000 	C:\WINDOWS\system32\SHLWAPI.dll
0x000007f81b050000 - 0x000007f81b190000 	C:\WINDOWS\system32\GDI32.dll
0x000007f81bd50000 - 0x000007f81bd89000 	C:\WINDOWS\system32\IMM32.DLL
0x000007f81bb70000 - 0x000007f81bc85000 	C:\WINDOWS\system32\MSCTF.dll
0x000007f817470000 - 0x000007f817506000 	C:\WINDOWS\SYSTEM32\SHCORE.dll
0x0000000063c80000 - 0x0000000063dd4000 	C:\Program Files\NetBeans 7.3\platform\lib\nbexec64.dll
0x0000000058c40000 - 0x000000005935f000 	C:\Program Files\Java\jdk1.7.0_17\jre\bin\server\jvm.dll
0x000007f813d70000 - 0x000007f813d79000 	C:\WINDOWS\SYSTEM32\WSOCK32.dll
0x000007f816180000 - 0x000007f8161a0000 	C:\WINDOWS\SYSTEM32\WINMM.dll
0x000007f81b700000 - 0x000007f81b707000 	C:\WINDOWS\system32\PSAPI.DLL
0x0000000058b60000 - 0x0000000058c31000 	C:\Program Files\Java\jdk1.7.0_17\jre\bin\MSVCR100.dll
0x000007f81b940000 - 0x000007f81b998000 	C:\WINDOWS\system32\WS2_32.dll
0x000007f815430000 - 0x000007f815462000 	C:\WINDOWS\SYSTEM32\WINMMBASE.dll
0x000007f81b710000 - 0x000007f81b719000 	C:\WINDOWS\system32\NSI.dll
0x0000000058b20000 - 0x0000000058b5f000 	C:\Program Files\Java\jdk1.7.0_17\jre\bin\splashscreen.dll
0x0000000058b10000 - 0x0000000058b1f000 	C:\Program Files\Java\jdk1.7.0_17\jre\bin\verify.dll
0x0000000058ae0000 - 0x0000000058b08000 	C:\Program Files\Java\jdk1.7.0_17\jre\bin\java.dll
0x0000000058ac0000 - 0x0000000058ad5000 	C:\Program Files\Java\jdk1.7.0_17\jre\bin\zip.dll
0x0000000058aa0000 - 0x0000000058ab9000 	C:\Program Files\Java\jdk1.7.0_17\jre\bin\net.dll
0x000007f8185f0000 - 0x000007f81864c000 	C:\WINDOWS\system32\mswsock.dll
0x0000000058a80000 - 0x0000000058a91000 	C:\Program Files\Java\jdk1.7.0_17\jre\bin\nio.dll
0x000007f813d00000 - 0x000007f813d2a000 	C:\WINDOWS\SYSTEM32\IPHLPAPI.DLL
0x000007f813ce0000 - 0x000007f813cea000 	C:\WINDOWS\SYSTEM32\WINNSI.DLL
0x000007f813820000 - 0x000007f813833000 	C:\WINDOWS\SYSTEM32\dhcpcsvc6.DLL
0x000007f813870000 - 0x000007f813888000 	C:\WINDOWS\SYSTEM32\dhcpcsvc.DLL
0x000007f818650000 - 0x000007f81866a000 	C:\WINDOWS\SYSTEM32\CRYPTSP.dll
0x000007f8182d0000 - 0x000007f818319000 	C:\WINDOWS\system32\rsaenh.dll
0x000007f8183d0000 - 0x000007f8183ef000 	C:\WINDOWS\SYSTEM32\USERENV.dll
0x000007f818da0000 - 0x000007f818db5000 	C:\WINDOWS\SYSTEM32\profapi.dll
0x000007f818be0000 - 0x000007f818bea000 	C:\WINDOWS\SYSTEM32\CRYPTBASE.dll
0x000007f818b80000 - 0x000007f818bdc000 	C:\WINDOWS\SYSTEM32\bcryptPrimitives.dll
0x000007f80e740000 - 0x000007f80e754000 	C:\WINDOWS\system32\napinsp.dll
0x000007f80e760000 - 0x000007f80e778000 	C:\WINDOWS\system32\pnrpnsp.dll
0x000007f8177e0000 - 0x000007f8177f6000 	C:\WINDOWS\system32\NLAapi.dll
0x000007f818430000 - 0x000007f8184c8000 	C:\WINDOWS\SYSTEM32\DNSAPI.dll
0x000007f80e780000 - 0x000007f80e792000 	C:\WINDOWS\System32\winrnr.dll
0x000007f80e7a0000 - 0x000007f80e7b4000 	C:\WINDOWS\system32\wshbth.dll
0x000007f811300000 - 0x000007f811308000 	C:\Windows\System32\rasadhlp.dll
0x000007f813950000 - 0x000007f8139af000 	C:\WINDOWS\System32\fwpuclnt.dll
0x00000000588e0000 - 0x0000000058a73000 	C:\Program Files\Java\jdk1.7.0_17\jre\bin\awt.dll
0x000007f8194e0000 - 0x000007f8195a3000 	C:\WINDOWS\system32\OLEAUT32.dll
0x000007f814340000 - 0x000007f8143df000 	C:\WINDOWS\system32\apphelp.dll
0x000007f8177b0000 - 0x000007f8177d1000 	C:\WINDOWS\system32\DWMAPI.DLL
0x000007f817c30000 - 0x000007f817d13000 	C:\WINDOWS\system32\uxtheme.dll
0x000007f816370000 - 0x000007f8165d9000 	C:\WINDOWS\WinSxS\amd64_microsoft.windows.common-controls_6595b64144ccf1df_6.0.9200.16384_none_418c2a697189c07f\COMCTL32.dll
0x000007f81aed0000 - 0x000007f81b04e000 	C:\WINDOWS\system32\ole32.dll
0x00000000588a0000 - 0x00000000588d4000 	C:\Program Files\Java\jdk1.7.0_17\jre\bin\fontmanager.dll
0x000007f81b440000 - 0x000007f81b4d6000 	C:\WINDOWS\SYSTEM32\clbcatq.dll
0x0000000058850000 - 0x0000000058891000 	C:\Program Files\Java\jdk1.7.0_17\jre\bin\t2k.dll
0x0000000180000000 - 0x0000000180038000 	C:\Program Files\NetBeans 7.3\platform\modules\lib\amd64\jnidispatch-340.dll
0x0000000058840000 - 0x000000005884b000 	C:\Program Files\Java\jdk1.7.0_17\jre\bin\management.dll
0x000007f816e10000 - 0x000007f816f9a000 	C:\WINDOWS\SYSTEM32\WindowsCodecs.dll
0x0000000058810000 - 0x000000005883a000 	C:\Program Files\Java\jdk1.7.0_17\jre\bin\dcpr.dll
0x000007f818e70000 - 0x000007f818f14000 	C:\WINDOWS\WinSxS\amd64_microsoft.windows.common-controls_6595b64144ccf1df_5.82.9200.16384_none_7762d5fd3178b04e\comctl32.dll
0x000007f80af50000 - 0x000007f80b0b3000 	C:\WINDOWS\SYSTEM32\dbghelp.dll

VM Arguments:
jvm_args: -Dnetbeans.importclass=org.netbeans.upgrade.AutoUpgrade -Dnetbeans.accept_license_class=org.netbeans.license.AcceptLicense -client -Xss2m -Xms32m -XX:PermSize=32m -Dapple.laf.useScreenMenuBar=true -Dapple.awt.graphics.UseQuartz=true -Dsun.java2d.noddraw=true -Dsun.java2d.dpiaware=true -Dsun.zip.disableMemoryMapping=true -Dsun.awt.disableMixing=true -Xmx768m -XX:MaxPermSize=384m -Djdk.home=C:\Program Files\Java\jdk1.7.0_17 -Dnetbeans.home=C:\Program Files\NetBeans 7.3\platform -Dnetbeans.user=C:\Users\megan_000\AppData\Roaming\NetBeans\7.3 -Dnetbeans.default_userdir_root=C:\Users\megan_000\AppData\Roaming\NetBeans -XX:+HeapDumpOnOutOfMemoryError -XX:HeapDumpPath=C:\Users\megan_000\AppData\Roaming\NetBeans\7.3\var\log\heapdump.hprof -Dnetbeans.system_http_proxy=DIRECT -Dsun.awt.keepWorkingSetOnMinimize=true -Dnetbeans.dirs=C:\Program Files\NetBeans 7.3\nb;C:\Program Files\NetBeans 7.3\ergonomics;C:\Program Files\NetBeans 7.3\ide;C:\Program Files\NetBeans 7.3\java;C:\Program Files\NetBeans 7.3\apisupport;C:\Program Files\NetBeans 7.3\webcommon;C:\Program Files\NetBeans 7.3\websvccommon;C:\Program Files\NetBeans 7.3\enterprise;C:\Program Files\NetBeans 7.3\mobility;C:\Program Files\NetBeans 7.3\profiler;C:\Program Files\NetBeans 7.3\python;C:\Program Files\NetBeans 7.3\php;C:\Program Files\NetBeans 7.3\identity;C:\Program Files\NetBeans 7.3\harness;C:\Program Files\NetBeans 7.3\cnd;C:\Program Files\NetBeans 7.3\dlight;C:\Program Files\NetBeans 7.3\groovy;C:\Program Files\NetBeans 7.3\extra;C:\Program Files\NetBeans 7.3\javacard;C:\Program Files\NetBeans 7.3\javafx exit 
java_command: <unknown>
Launcher Type: generic

Environment Variables:
PATH=C:\WINDOWS\system32;C:\WINDOWS;C:\WINDOWS\System32\Wbem;C:\WINDOWS\System32\WindowsPowerShell\v1.0\;C:\wamp\bin\php\php5.4.3\
USERNAME=megan_000
OS=Windows_NT
PROCESSOR_IDENTIFIER=Intel64 Family 6 Model 58 Stepping 9, GenuineIntel



---------------  S Y S T E M  ---------------

OS: Windows 8 , 64 bit Build 9200 

CPU:total 4 (2 cores per cpu, 2 threads per core) family 6 model 58 stepping 9, cmov, cx8, fxsr, mmx, sse, sse2, sse3, ssse3, sse4.1, sse4.2, popcnt, avx, ht, tsc, tscinvbit, tscinv

Memory: 4k page, physical 8082972k(5720140k free), swap 9328160k(6607040k free)

vm_info: Java HotSpot(TM) 64-Bit Server VM (23.7-b01) for windows-amd64 JRE (1.7.0_17-b02), built on Mar  1 2013 03:38:30 by "java_re" with unknown MS VC++:1600

time: Tue Mar 05 14:52:06 2013
elapsed time: 959 seconds

